2024-05-21 12:03:16 [32minfo[39m: [32mServer running on port 4001[39m
2024-05-21 12:24:37 [32minfo[39m: [32mServer running on port 4001[39m
2024-05-21 14:57:02 [32minfo[39m: [32mMongoose connected![39m
2024-05-21 14:57:02 [32minfo[39m: [32mServer running on port 4001[39m
2024-05-21 14:58:57 [32minfo[39m: [32mMongoose connected![39m
2024-05-21 14:58:57 [32minfo[39m: [32mServer running on port 4001[39m
2024-05-21 15:00:15 [32minfo[39m: [32mMongoose connected![39m
2024-05-21 15:00:15 [32minfo[39m: [32mServer running on port 4001[39m
2024-05-21 15:00:29 [32minfo[39m: [32mMongoose connected![39m
2024-05-21 15:00:29 [32minfo[39m: [32mServer running on port 4001[39m
2024-05-21 15:04:16 [32minfo[39m: [32mMongoose connected![39m
2024-05-21 15:04:16 [32minfo[39m: [32mServer running on port 4001[39m
2024-05-21 15:04:36 [32minfo[39m: [32mMongoose connected![39m
2024-05-21 15:04:36 [32minfo[39m: [32mServer running on port 4001[39m
2024-05-21 15:05:28 [32minfo[39m: [32mMongoose connected![39m
2024-05-21 15:05:28 [32minfo[39m: [32mServer running on port 4001[39m
2024-05-21 15:05:35 [32minfo[39m: [32mMongoose connected![39m
2024-05-21 15:05:35 [32minfo[39m: [32mServer running on port 4001[39m
2024-05-21 15:05:40 [32minfo[39m: [32mMongoose connected![39m
2024-05-21 15:05:40 [32minfo[39m: [32mServer running on port 4001[39m
2024-05-21 15:05:50 [32minfo[39m: [32mMongoose connected![39m
2024-05-21 15:05:50 [32minfo[39m: [32mServer running on port 4001[39m
2024-05-21 15:06:12 [32minfo[39m: [32mMongoose connected![39m
2024-05-21 15:06:12 [32minfo[39m: [32mServer running on port 4001[39m
2024-05-21 15:06:19 [32minfo[39m: [32mMongoose connected![39m
2024-05-21 15:06:19 [32minfo[39m: [32mServer running on port 4001[39m
2024-05-21 15:07:43 [32minfo[39m: [32mMongoose connected![39m
2024-05-21 15:07:43 [32minfo[39m: [32mServer running on port 4001[39m
2024-05-21 15:07:55 [32minfo[39m: [32mMongoose connected![39m
2024-05-21 15:07:55 [32minfo[39m: [32mServer running on port 4001[39m
2024-05-21 15:10:38 [32minfo[39m: [32mMongoose connected![39m
2024-05-21 15:10:38 [32minfo[39m: [32mServer running on port 4001[39m
2024-05-21 15:14:52 [32minfo[39m: [32mMongoose connected![39m
2024-05-21 15:14:52 [32minfo[39m: [32mServer running on port 4001[39m
2024-05-21 15:16:04 [32minfo[39m: [32mMongoose connected![39m
2024-05-21 15:16:04 [32minfo[39m: [32mServer running on port 4001[39m
2024-05-21 15:16:22 [32minfo[39m: [32mMongoose connected![39m
2024-05-21 15:16:22 [32minfo[39m: [32mServer running on port 4001[39m
2024-05-21 15:18:30 [32minfo[39m: [32mMongoose connected![39m
2024-05-21 15:18:30 [32minfo[39m: [32mServer running on port 4001[39m
2024-05-21 15:19:01 [32minfo[39m: [32mMongoose connected![39m
2024-05-21 15:19:01 [32minfo[39m: [32mServer running on port 4001[39m
2024-05-21 15:19:56 [32minfo[39m: [32mMongoose connected![39m
2024-05-21 15:19:56 [32minfo[39m: [32mServer running on port 4001[39m
2024-05-21 15:21:03 [32minfo[39m: [32mMongoose connected![39m
2024-05-21 15:21:03 [32minfo[39m: [32mServer running on port 4001[39m
2024-05-21 15:22:06 [32minfo[39m: [32mMongoose connected![39m
2024-05-21 15:22:06 [32minfo[39m: [32mServer running on port 4001[39m
2024-05-21 15:23:02 [32minfo[39m: [32mMongoose connected![39m
2024-05-21 15:23:02 [32minfo[39m: [32mServer running on port 4001[39m
2024-05-21 15:23:17 [32minfo[39m: [32mMongoose connected![39m
2024-05-21 15:23:17 [32minfo[39m: [32mServer running on port 4001[39m
2024-05-21 15:24:27 [32minfo[39m: [32mMongoose connected![39m
2024-05-21 15:24:27 [32minfo[39m: [32mServer running on port 4001[39m
2024-05-21 15:24:53 [32minfo[39m: [32mMongoose connected![39m
2024-05-21 15:24:53 [32minfo[39m: [32mServer running on port 4001[39m
2024-05-21 15:33:35 [32minfo[39m: [32mMongoose connected![39m
2024-05-21 15:33:35 [32minfo[39m: [32mServer running on port 4001[39m
2024-05-21 15:40:42 [32minfo[39m: [32mMongoose connected![39m
2024-05-21 15:40:42 [32minfo[39m: [32mServer running on port 4001[39m
2024-05-21 15:42:00 [32minfo[39m: [32mMongoose connected![39m
2024-05-21 15:42:00 [32minfo[39m: [32mServer running on port 4001[39m
2024-05-21 15:44:18 [32minfo[39m: [32mMongoose connected![39m
2024-05-21 15:44:18 [32minfo[39m: [32mServer running on port 4001[39m
2024-05-23 10:26:50 [32minfo[39m: [32mMongoose connected![39m
2024-05-23 10:26:50 [32minfo[39m: [32mServer running on port 4001[39m
2024-05-23 10:31:39 [31merror[39m: [31mEmail olger@test.com already exists - undefined. code: undefined[39m
2024-05-23 10:32:22 [31merror[39m: [31mEmail olger@test.com already exists - undefined. code: undefined[39m
2024-05-23 10:36:20 [32minfo[39m: [32mMongoose connected![39m
2024-05-23 10:36:20 [32minfo[39m: [32mServer running on port 4001[39m
2024-05-23 10:37:25 [32minfo[39m: [32mMongoose connected![39m
2024-05-23 10:37:25 [32minfo[39m: [32mServer running on port 4001[39m
2024-05-23 10:37:38 [32minfo[39m: [32mMongoose connected![39m
2024-05-23 10:37:38 [32minfo[39m: [32mServer running on port 4001[39m
2024-05-23 10:38:00 [32minfo[39m: [32mMongoose connected![39m
2024-05-23 10:38:00 [32minfo[39m: [32mServer running on port 4001[39m
2024-05-23 10:38:41 [32minfo[39m: [32mMongoose connected![39m
2024-05-23 10:38:41 [32minfo[39m: [32mServer running on port 4001[39m
2024-05-23 10:39:25 [32minfo[39m: [32mMongoose connected![39m
2024-05-23 10:39:25 [32minfo[39m: [32mServer running on port 4001[39m
2024-05-23 10:41:20 [32minfo[39m: [32mMongoose connected![39m
2024-05-23 10:41:20 [32minfo[39m: [32mServer running on port 4001[39m
2024-05-23 10:43:25 [32minfo[39m: [32mMongoose connected![39m
2024-05-23 10:43:25 [32minfo[39m: [32mServer running on port 4001[39m
2024-05-23 10:43:59 [32minfo[39m: [32mMongoose connected![39m
2024-05-23 10:43:59 [32minfo[39m: [32mServer running on port 4001[39m
2024-05-23 10:44:17 [32minfo[39m: [32mMongoose connected![39m
2024-05-23 10:44:17 [32minfo[39m: [32mServer running on port 4001[39m
2024-05-23 10:44:25 [32minfo[39m: [32mMongoose connected![39m
2024-05-23 10:44:25 [32minfo[39m: [32mServer running on port 4001[39m
2024-05-23 10:44:53 [32minfo[39m: [32mMongoose connected![39m
2024-05-23 10:44:53 [32minfo[39m: [32mServer running on port 4001[39m
2024-05-23 10:49:16 [32minfo[39m: [32mMongoose connected![39m
2024-05-23 10:49:16 [32minfo[39m: [32mServer running on port 4001[39m
2024-05-23 10:49:35 [32minfo[39m: [32mMongoose connected![39m
2024-05-23 10:49:35 [32minfo[39m: [32mServer running on port 4001[39m
2024-05-23 10:50:43 [32minfo[39m: [32mMongoose connected![39m
2024-05-23 10:50:43 [32minfo[39m: [32mServer running on port 4001[39m
2024-05-23 10:52:10 [32minfo[39m: [32mMongoose connected![39m
2024-05-23 10:52:10 [32minfo[39m: [32mServer running on port 4001[39m
2024-05-23 10:52:22 [31merror[39m: [31mEmail olger@test.com already exists - undefined. code: undefined[39m
2024-05-23 10:54:21 [32minfo[39m: [32mMongoose connected![39m
2024-05-23 10:54:21 [32minfo[39m: [32mServer running on port 4001[39m
2024-05-23 10:54:33 [32minfo[39m: [32mMongoose connected![39m
2024-05-23 10:54:33 [32minfo[39m: [32mServer running on port 4001[39m
2024-05-23 10:55:07 [32minfo[39m: [32mMongoose connected![39m
2024-05-23 10:55:07 [32minfo[39m: [32mServer running on port 4001[39m
2024-05-23 10:55:21 [32minfo[39m: [32mMongoose connected![39m
2024-05-23 10:55:21 [32minfo[39m: [32mServer running on port 4001[39m
2024-05-23 10:55:26 [31merror[39m: [31mEmail olger@test.com already exists - . code: 400[39m
2024-05-23 10:56:14 [31merror[39m: [31mUser validation failed: email: Please use a valid email address - . code: 400[39m
2024-05-23 10:58:23 [32minfo[39m: [32mMongoose connected![39m
2024-05-23 10:58:23 [32minfo[39m: [32mServer running on port 4001[39m
2024-05-23 10:59:54 [32minfo[39m: [32mMongoose connected![39m
2024-05-23 10:59:54 [32minfo[39m: [32mServer running on port 4001[39m
2024-05-23 11:00:06 [32minfo[39m: [32mMongoose connected![39m
2024-05-23 11:00:06 [32minfo[39m: [32mServer running on port 4001[39m
2024-05-23 11:00:09 [31merror[39m: [31mError creating the user olger@test.com due request validations - Validation error: [{"type":"field","value":"","msg":"Invalid value","path":"firstName","location":"body"},{"type":"field","value":"","msg":"Invalid value","path":"lastName","location":"body"}]. code: 406[39m
2024-05-23 11:01:43 [32minfo[39m: [32mMongoose connected![39m
2024-05-23 11:01:44 [32minfo[39m: [32mServer running on port 4001[39m
2024-05-23 11:02:28 [31merror[39m: [31mError creating the user olger@test.com due request validations - Validation error: [{"type":"field","value":"","msg":"Invalid value","path":"firstName","location":"body"},{"type":"field","value":"","msg":"Invalid value","path":"lastName","location":"body"}]. code: 406[39m
2024-05-23 11:02:56 [32minfo[39m: [32mMongoose connected![39m
2024-05-23 11:02:56 [32minfo[39m: [32mServer running on port 4001[39m
2024-05-23 11:03:00 [31merror[39m: [31mError creating the user olger@test.com due request validations - Validation error: [object Object],[object Object]. code: 406[39m
2024-05-23 11:04:57 [32minfo[39m: [32mMongoose connected![39m
2024-05-23 11:04:57 [32minfo[39m: [32mServer running on port 4001[39m
2024-05-23 11:05:05 [31merror[39m: [31mError creating the user olger@test.com due request validations - Validation error: Invalid value,Invalid value. code: 406[39m
2024-05-23 11:05:40 [32minfo[39m: [32mMongoose connected![39m
2024-05-23 11:05:40 [32minfo[39m: [32mServer running on port 4001[39m
2024-05-23 11:06:00 [32minfo[39m: [32mMongoose connected![39m
2024-05-23 11:06:00 [32minfo[39m: [32mServer running on port 4001[39m
2024-05-23 11:06:07 [32minfo[39m: [32mMongoose connected![39m
2024-05-23 11:06:07 [32minfo[39m: [32mServer running on port 4001[39m
2024-05-23 11:06:10 [31merror[39m: [31mError creating the user olger@test.com due request validations - Validation error: [{"type":"field","value":"","msg":"Invalid value","path":"firstName","location":"body"},{"type":"field","value":"","msg":"Invalid value","path":"lastName","location":"body"}]. code: 406[39m
2024-05-23 11:12:58 [32minfo[39m: [32mMongoose connected![39m
2024-05-23 11:12:58 [32minfo[39m: [32mServer running on port 4001[39m
2024-05-23 11:19:17 [32minfo[39m: [32mMongoose connected![39m
2024-05-23 11:19:17 [32minfo[39m: [32mServer running on port 4001[39m
2024-05-23 11:20:10 [32minfo[39m: [32mMongoose connected![39m
2024-05-23 11:20:10 [32minfo[39m: [32mServer running on port 4001[39m
2024-05-23 11:24:36 [32minfo[39m: [32mMongoose connected![39m
2024-05-23 11:24:36 [32minfo[39m: [32mServer running on port 4001[39m
2024-05-23 11:27:20 [32minfo[39m: [32mMongoose connected![39m
2024-05-23 11:27:20 [32minfo[39m: [32mServer running on port 4001[39m
2024-05-23 11:28:25 [32minfo[39m: [32mMongoose connected![39m
2024-05-23 11:28:25 [32minfo[39m: [32mServer running on port 4001[39m
2024-05-23 11:29:46 [32minfo[39m: [32mMongoose connected![39m
2024-05-23 11:29:46 [32minfo[39m: [32mServer running on port 4001[39m
2024-05-23 11:30:06 [32minfo[39m: [32mMongoose connected![39m
2024-05-23 11:30:06 [32minfo[39m: [32mServer running on port 4001[39m
2024-05-23 11:30:07 [31merror[39m: [31mError creating the user olger@test.com due request validations - Validation error: Invalid value,Invalid value. code: 406[39m
2024-05-23 11:31:24 [32minfo[39m: [32mMongoose connected![39m
2024-05-23 11:31:24 [32minfo[39m: [32mServer running on port 4001[39m
2024-05-23 11:32:16 [31merror[39m: [31mError creating the user olger@test.com due request validations - Validation error: Invalid value,Invalid value. code: 406[39m
2024-05-23 11:33:27 [31merror[39m: [31mError creating the user olger@test.com due request validations - Validation error: Invalid value,Invalid value. code: 406[39m
2024-05-23 11:33:49 [32minfo[39m: [32mMongoose connected![39m
2024-05-23 11:33:49 [32minfo[39m: [32mServer running on port 4001[39m
2024-05-23 11:43:23 [32minfo[39m: [32mMongoose connected![39m
2024-05-23 11:43:23 [32minfo[39m: [32mServer running on port 4001[39m
2024-05-23 11:43:54 [31merror[39m: [31mError creating the user olger@test.com due request validations - Validation error: Invalid value,Invalid value. code: 406[39m
2024-05-23 11:44:20 [32minfo[39m: [32mMongoose connected![39m
2024-05-23 11:44:20 [32minfo[39m: [32mServer running on port 4001[39m
2024-05-23 11:44:42 [31merror[39m: [31mEmail olger@test.com already exists - . code: 400[39m
2024-05-23 11:46:13 [32minfo[39m: [32mMongoose connected![39m
2024-05-23 11:46:13 [32minfo[39m: [32mServer running on port 4001[39m
2024-05-23 11:46:50 [31merror[39m: [31mEmail olger@test.com already exists - . code: 400[39m
2024-05-23 11:47:46 [31merror[39m: [31mEmail olger@test.com already exists - . code: 400[39m
2024-05-23 11:48:34 [32minfo[39m: [32mMongoose connected![39m
2024-05-23 11:48:34 [32minfo[39m: [32mServer running on port 4001[39m
2024-05-23 11:52:29 [32minfo[39m: [32mMongoose connected![39m
2024-05-23 11:52:29 [32minfo[39m: [32mServer running on port 4001[39m
2024-05-23 11:53:24 [32minfo[39m: [32mMongoose connected![39m
2024-05-23 11:53:24 [32minfo[39m: [32mServer running on port 4001[39m
2024-05-23 11:53:35 [31merror[39m: [31mError creating the user olger@test.com due request validations - Validation error: Invalid value,Invalid value. code: 406[39m
2024-05-23 11:56:23 [32minfo[39m: [32mMongoose connected![39m
2024-05-23 11:56:23 [32minfo[39m: [32mServer running on port 4001[39m
2024-05-23 11:56:51 [32minfo[39m: [32mMongoose connected![39m
2024-05-23 11:56:51 [32minfo[39m: [32mServer running on port 4001[39m
2024-05-23 11:56:54 [31merror[39m: [31mError creating the user olger@test.com due request validations - Validation error: Invalid value,Invalid value. code: 406[39m
2024-05-23 11:59:24 [32minfo[39m: [32mMongoose connected![39m
2024-05-23 11:59:24 [32minfo[39m: [32mServer running on port 4001[39m
2024-05-23 12:03:43 [32minfo[39m: [32mMongoose connected![39m
2024-05-23 12:03:43 [32minfo[39m: [32mServer running on port 4001[39m
2024-05-23 12:03:47 [31merror[39m: [31mError creating the user olger@test.com due request validations - Validation error: Invalid value,Invalid value. code: 406[39m
2024-05-23 12:04:07 [32minfo[39m: [32mMongoose connected![39m
2024-05-23 12:04:07 [32minfo[39m: [32mServer running on port 4001[39m
2024-05-23 12:04:17 [31merror[39m: [31mError creating the user olger@test.com due request validations - Validation error: Invalid firstName,Invalid value. code: 406[39m
2024-05-23 12:04:53 [32minfo[39m: [32mMongoose connected![39m
2024-05-23 12:04:53 [32minfo[39m: [32mServer running on port 4001[39m
2024-05-23 12:08:33 [32minfo[39m: [32mMongoose connected![39m
2024-05-23 12:08:33 [32minfo[39m: [32mServer running on port 4001[39m
2024-05-23 12:09:23 [32minfo[39m: [32mMongoose connected![39m
2024-05-23 12:09:23 [32minfo[39m: [32mServer running on port 4001[39m
2024-05-23 12:14:22 [32minfo[39m: [32mMongoose connected![39m
2024-05-23 12:14:22 [32minfo[39m: [32mServer running on port 4001[39m
2024-05-23 12:17:36 [32minfo[39m: [32mMongoose connected![39m
2024-05-23 12:17:36 [32minfo[39m: [32mServer running on port 4001[39m
2024-05-23 12:17:54 [32minfo[39m: [32mMongoose connected![39m
2024-05-23 12:17:54 [32minfo[39m: [32mServer running on port 4001[39m
2024-05-23 12:18:03 [31merror[39m: [31mError creating the user olger@test.com due request validations - Validation error: [{"type":"field","value":"","msg":"Invalid value","path":"firstName","location":"body"},{"type":"field","value":"","msg":"Invalid value","path":"lastName","location":"body"}]. code: 406[39m
2024-05-23 12:19:39 [32minfo[39m: [32mMongoose connected![39m
2024-05-23 12:19:39 [32minfo[39m: [32mServer running on port 4001[39m
2024-05-23 12:19:41 [31merror[39m: [31mError creating the user olger@test.com due request validations - Validation error: undefined. code: 406[39m
2024-05-23 12:19:56 [32minfo[39m: [32mMongoose connected![39m
2024-05-23 12:19:56 [32minfo[39m: [32mServer running on port 4001[39m
2024-05-23 12:19:57 [31merror[39m: [31mError creating the user olger@test.com due request validations - Validation error: [object Object],[object Object]. code: 406[39m
2024-05-23 12:20:27 [32minfo[39m: [32mMongoose connected![39m
2024-05-23 12:20:27 [32minfo[39m: [32mServer running on port 4001[39m
2024-05-23 12:20:27 [31merror[39m: [31mError creating the user olger@test.com due request validations - Validation error: undefined. code: 406[39m
2024-05-23 12:20:46 [32minfo[39m: [32mMongoose connected![39m
2024-05-23 12:20:46 [32minfo[39m: [32mServer running on port 4001[39m
2024-05-23 12:20:51 [31merror[39m: [31mError creating the user olger@test.com due request validations - Validation error: [{"type":"field","value":"","msg":"Invalid value","path":"firstName","location":"body"},{"type":"field","value":"","msg":"Invalid value","path":"lastName","location":"body"}]. code: 406[39m
2024-05-23 12:21:16 [32minfo[39m: [32mMongoose connected![39m
2024-05-23 12:21:16 [32minfo[39m: [32mServer running on port 4001[39m
2024-05-23 12:22:30 [32minfo[39m: [32mMongoose connected![39m
2024-05-23 12:22:30 [32minfo[39m: [32mServer running on port 4001[39m
2024-05-23 12:23:46 [32minfo[39m: [32mMongoose connected![39m
2024-05-23 12:23:46 [32minfo[39m: [32mServer running on port 4001[39m
2024-05-23 12:23:50 [31merror[39m: [31mError creating the user olger@test.com due request validations - Validation error: firstName,lastName. code: 406[39m
2024-05-23 12:24:18 [32minfo[39m: [32mMongoose connected![39m
2024-05-23 12:24:18 [32minfo[39m: [32mServer running on port 4001[39m
2024-05-23 12:24:25 [32minfo[39m: [32mMongoose connected![39m
2024-05-23 12:24:25 [32minfo[39m: [32mServer running on port 4001[39m
2024-05-23 12:24:46 [32minfo[39m: [32mMongoose connected![39m
2024-05-23 12:24:46 [32minfo[39m: [32mServer running on port 4001[39m
2024-05-23 12:24:57 [32minfo[39m: [32mMongoose connected![39m
2024-05-23 12:24:57 [32minfo[39m: [32mServer running on port 4001[39m
2024-05-23 12:25:03 [31merror[39m: [31mError creating the user olger@test.com due request validations - Validation error: firstName -> Invalid value,lastName -> Invalid value. code: 406[39m
2024-05-23 12:25:46 [32minfo[39m: [32mMongoose connected![39m
2024-05-23 12:25:46 [32minfo[39m: [32mServer running on port 4001[39m
2024-05-23 12:25:56 [32minfo[39m: [32mMongoose connected![39m
2024-05-23 12:25:56 [32minfo[39m: [32mServer running on port 4001[39m
2024-05-23 12:26:18 [32minfo[39m: [32mMongoose connected![39m
2024-05-23 12:26:18 [32minfo[39m: [32mServer running on port 4001[39m
2024-05-23 12:26:35 [32minfo[39m: [32mMongoose connected![39m
2024-05-23 12:26:35 [32minfo[39m: [32mServer running on port 4001[39m
2024-05-23 12:26:43 [31merror[39m: [31mError creating the user olger@test.com due request validations - Validation error: [firstName -> Invalid value],[lastName -> Invalid value]. code: 406[39m
2024-05-23 12:26:59 [32minfo[39m: [32mMongoose connected![39m
2024-05-23 12:26:59 [32minfo[39m: [32mServer running on port 4001[39m
2024-05-23 12:27:14 [32minfo[39m: [32mMongoose connected![39m
2024-05-23 12:27:14 [32minfo[39m: [32mServer running on port 4001[39m
2024-05-23 12:27:21 [31merror[39m: [31mEmail olger@test.com already exists - . code: 400[39m
2024-05-23 12:30:33 [32minfo[39m: [32mMongoose connected![39m
2024-05-23 12:30:33 [32minfo[39m: [32mServer running on port 4001[39m
2024-05-23 12:32:43 [32minfo[39m: [32mMongoose connected![39m
2024-05-23 12:32:43 [32minfo[39m: [32mServer running on port 4001[39m
2024-05-23 12:34:36 [32minfo[39m: [32mMongoose connected![39m
2024-05-23 12:34:36 [32minfo[39m: [32mServer running on port 4001[39m
2024-05-23 12:35:35 [32minfo[39m: [32mMongoose connected![39m
2024-05-23 12:35:35 [32minfo[39m: [32mServer running on port 4001[39m
2024-05-23 12:37:02 [32minfo[39m: [32mMongoose connected![39m
2024-05-23 12:37:02 [32minfo[39m: [32mServer running on port 4001[39m
2024-05-23 12:37:22 [32minfo[39m: [32mMongoose connected![39m
2024-05-23 12:37:22 [32minfo[39m: [32mServer running on port 4001[39m
2024-05-23 12:38:35 [32minfo[39m: [32mMongoose connected![39m
2024-05-23 12:38:35 [32minfo[39m: [32mServer running on port 4001[39m
2024-05-23 12:49:05 [32minfo[39m: [32mMongoose connected![39m
2024-05-23 12:49:05 [32minfo[39m: [32mServer running on port 4001[39m
2024-05-23 14:07:05 [32minfo[39m: [32mMongoose connected![39m
2024-05-23 14:07:05 [32minfo[39m: [32mServer running on port 4001[39m
2024-05-23 14:07:15 [32minfo[39m: [32mMongoose connected![39m
2024-05-23 14:07:15 [32minfo[39m: [32mServer running on port 4001[39m
2024-05-23 14:15:00 [32minfo[39m: [32mMongoose connected![39m
2024-05-23 14:15:00 [32minfo[39m: [32mServer running on port 4001[39m
2024-05-23 14:15:29 [32minfo[39m: [32mMongoose connected![39m
2024-05-23 14:15:29 [32minfo[39m: [32mServer running on port 4001[39m
2024-05-23 14:16:46 [32minfo[39m: [32mMongoose connected![39m
2024-05-23 14:16:46 [32minfo[39m: [32mServer running on port 4001[39m
2024-05-23 14:17:48 [32minfo[39m: [32mMongoose connected![39m
2024-05-23 14:17:48 [32minfo[39m: [32mServer running on port 4001[39m
2024-05-23 14:17:57 [32minfo[39m: [32mMongoose connected![39m
2024-05-23 14:17:57 [32minfo[39m: [32mServer running on port 4001[39m
2024-05-23 14:18:27 [32minfo[39m: [32mMongoose connected![39m
2024-05-23 14:18:27 [32minfo[39m: [32mServer running on port 4001[39m
2024-05-23 14:18:56 [32minfo[39m: [32mMongoose connected![39m
2024-05-23 14:18:56 [32minfo[39m: [32mServer running on port 4001[39m
2024-05-23 14:20:05 [32minfo[39m: [32mMongoose connected![39m
2024-05-23 14:20:05 [32minfo[39m: [32mServer running on port 4001[39m
2024-05-23 14:20:07 [31merror[39m: [31mError getting the user @fake  due request validations - Validation errors: [email|Invalid value]. code: 406[39m
2024-05-23 14:20:33 [32minfo[39m: [32mMongoose connected![39m
2024-05-23 14:20:33 [32minfo[39m: [32mServer running on port 4001[39m
2024-05-23 14:20:38 [31merror[39m: [31mError getting the user olger  due request validations - Validation errors: [email|Invalid value]. code: 406[39m
2024-05-23 14:22:01 [31merror[39m: [31mEmail olger@test1.com already exists - . code: 400[39m
2024-05-23 14:28:02 [32minfo[39m: [32mMongoose connected![39m
2024-05-23 14:28:02 [32minfo[39m: [32mServer running on port 4001[39m
2024-05-23 14:29:10 [32minfo[39m: [32mMongoose connected![39m
2024-05-23 14:29:10 [32minfo[39m: [32mServer running on port 4001[39m
2024-05-23 14:29:25 [32minfo[39m: [32mMongoose connected![39m
2024-05-23 14:29:25 [32minfo[39m: [32mServer running on port 4001[39m
2024-05-23 14:29:32 [32minfo[39m: [32mMongoose connected![39m
2024-05-23 14:29:32 [32minfo[39m: [32mServer running on port 4001[39m
2024-05-23 14:30:17 [32minfo[39m: [32mMongoose connected![39m
2024-05-23 14:30:17 [32minfo[39m: [32mServer running on port 4001[39m
2024-05-23 14:30:32 [32minfo[39m: [32mMongoose connected![39m
2024-05-23 14:30:32 [32minfo[39m: [32mServer running on port 4001[39m
2024-05-23 14:30:47 [32minfo[39m: [32mMongoose connected![39m
2024-05-23 14:30:47 [32minfo[39m: [32mServer running on port 4001[39m
2024-05-23 14:31:02 [32minfo[39m: [32mMongoose connected![39m
2024-05-23 14:31:02 [32minfo[39m: [32mServer running on port 4001[39m
2024-05-23 14:31:13 [32minfo[39m: [32mMongoose connected![39m
2024-05-23 14:31:13 [32minfo[39m: [32mServer running on port 4001[39m
2024-05-23 14:31:34 [32minfo[39m: [32mMongoose connected![39m
2024-05-23 14:31:34 [32minfo[39m: [32mServer running on port 4001[39m
2024-05-23 14:32:16 [32minfo[39m: [32mMongoose connected![39m
2024-05-23 14:32:16 [32minfo[39m: [32mServer running on port 4001[39m
2024-05-23 14:32:51 [31merror[39m: [31mError getting the user 664fa57ed55cd28cc02b13f5  due request validations - Validation errors: [id|Invalid value]. code: 406[39m
2024-05-23 14:33:19 [32minfo[39m: [32mMongoose connected![39m
2024-05-23 14:33:19 [32minfo[39m: [32mServer running on port 4001[39m
2024-05-23 14:33:37 [32minfo[39m: [32mMongoose connected![39m
2024-05-23 14:33:37 [32minfo[39m: [32mServer running on port 4001[39m
2024-05-23 14:34:20 [32minfo[39m: [32mMongoose connected![39m
2024-05-23 14:34:20 [32minfo[39m: [32mServer running on port 4001[39m
2024-05-23 14:34:47 [32minfo[39m: [32mMongoose connected![39m
2024-05-23 14:34:47 [32minfo[39m: [32mServer running on port 4001[39m
2024-05-23 14:38:41 [31merror[39m: [31mCast to ObjectId failed for value "664fa57ed55cd28cc02b13f56" (type string) at path "_id" for model "User" - . code: 400[39m
2024-05-23 14:38:54 [31merror[39m: [31mEmail 664fa57ed55cd28cc02b13f6 does not exist - . code: 400[39m
2024-05-23 14:38:56 [31merror[39m: [31mEmail 664fa57ed55cd28cc02b13f6 does not exist - . code: 400[39m
2024-05-23 14:40:06 [31merror[39m: [31mEmail olger@test2.com already exists - . code: 400[39m
2024-05-23 14:40:08 [31merror[39m: [31mEmail olger@test2.com already exists - . code: 400[39m
2024-05-23 14:41:36 [32minfo[39m: [32mMongoose connected![39m
2024-05-23 14:41:36 [32minfo[39m: [32mServer running on port 4001[39m
2024-05-23 14:41:51 [32minfo[39m: [32mMongoose connected![39m
2024-05-23 14:41:51 [32minfo[39m: [32mServer running on port 4001[39m
2024-05-23 14:42:00 [31merror[39m: [31mError updating the user undefined  due request validations - Validation errors: [id|Invalid value],[email|Invalid value],[email|Invalid value],[firstName|Invalid value],[password|Invalid value],[lastName|Invalid value],[phone|Invalid value]. code: 406[39m
2024-05-23 14:43:00 [31merror[39m: [31mError updating the user olgerupdated@test2.com  due request validations - Validation errors: [id|Invalid value]. code: 406[39m
2024-05-23 14:43:30 [32minfo[39m: [32mMongoose connected![39m
2024-05-23 14:43:30 [32minfo[39m: [32mServer running on port 4001[39m
2024-05-23 14:47:04 [32minfo[39m: [32mMongoose connected![39m
2024-05-23 14:47:04 [32minfo[39m: [32mServer running on port 4001[39m
2024-05-23 14:47:19 [32minfo[39m: [32mMongoose connected![39m
2024-05-23 14:47:19 [32minfo[39m: [32mServer running on port 4001[39m
2024-05-23 14:47:59 [32minfo[39m: [32mMongoose connected![39m
2024-05-23 14:47:59 [32minfo[39m: [32mServer running on port 4001[39m
2024-05-23 14:50:37 [32minfo[39m: [32mMongoose connected![39m
2024-05-23 14:50:37 [32minfo[39m: [32mServer running on port 4001[39m
2024-05-23 14:50:46 [32minfo[39m: [32mMongoose connected![39m
2024-05-23 14:50:46 [32minfo[39m: [32mServer running on port 4001[39m
2024-05-23 14:51:30 [31merror[39m: [31mPlan executor error during findAndModify :: caused by :: E11000 duplicate key error collection: test.users index: email_1 dup key: { email: "olgerupdated@test2.com" } - . code: 400[39m
2024-05-23 14:52:15 [31merror[39m: [31mPlan executor error during findAndModify :: caused by :: E11000 duplicate key error collection: test.users index: email_1 dup key: { email: "olgerupdated@test2.com" } - . code: 400[39m
2024-05-23 14:53:16 [32minfo[39m: [32mMongoose connected![39m
2024-05-23 14:53:16 [32minfo[39m: [32mServer running on port 4001[39m
2024-05-23 14:53:37 [32minfo[39m: [32mMongoose connected![39m
2024-05-23 14:53:37 [32minfo[39m: [32mServer running on port 4001[39m
2024-05-23 14:54:04 [32minfo[39m: [32mMongoose connected![39m
2024-05-23 14:54:04 [32minfo[39m: [32mServer running on port 4001[39m
2024-05-23 14:54:06 [31merror[39m: [31mError removing the user 664fa57ed55cd28cc02b13f5  due request validations - Validation errors: [id|Invalid value],[id|Invalid value]. code: 406[39m
2024-05-23 14:55:13 [31merror[39m: [31mError removing the user 664fa57ed55cd28cc02b13f5  due request validations - Validation errors: [id|Invalid value],[id|Invalid value]. code: 406[39m
2024-05-23 14:56:16 [32minfo[39m: [32mMongoose connected![39m
2024-05-23 14:56:16 [32minfo[39m: [32mServer running on port 4001[39m
2024-05-23 14:56:56 [32minfo[39m: [32mMongoose connected![39m
2024-05-23 14:56:56 [32minfo[39m: [32mServer running on port 4001[39m
2024-05-23 14:57:02 [31merror[39m: [31m[{"type":"field","msg":"Invalid value","path":"id","location":"body"},{"type":"field","msg":"Invalid value","path":"id","location":"body"}][39m
2024-05-23 14:57:02 [31merror[39m: [31mError removing the user 664fa57ed55cd28cc02b13f5  due request validations - Validation errors: [id|Invalid value],[id|Invalid value]. code: 406[39m
2024-05-23 14:58:57 [32minfo[39m: [32mMongoose connected![39m
2024-05-23 14:58:57 [32minfo[39m: [32mServer running on port 4001[39m
2024-05-23 14:59:41 [31merror[39m: [31mEmail 664fa57ed55cd28cc02b13f5 does not exist - . code: 400[39m
2024-05-23 15:00:18 [32minfo[39m: [32mMongoose connected![39m
2024-05-23 15:00:18 [32minfo[39m: [32mServer running on port 4001[39m
2024-05-23 15:00:20 [31merror[39m: [31mUser 664fa57ed55cd28cc02b13f5 does not exist - . code: 400[39m
2024-05-23 15:00:33 [31merror[39m: [31mUser 664fa57ed55cd28cc02b13f5 does not exist - . code: 400[39m
2024-05-23 15:01:26 [31merror[39m: [31mUser 664fa57ed55cd28cc02b13f5 does not exist - . code: 400[39m
2024-05-23 15:01:33 [31merror[39m: [31mUser 664fa564d55cd28cc02b13ef does not exist - . code: 400[39m
2024-05-23 15:03:24 [32minfo[39m: [32mMongoose connected![39m
2024-05-23 15:03:24 [32minfo[39m: [32mServer running on port 4001[39m
2024-05-23 15:15:56 [32minfo[39m: [32mMongoose connected![39m
2024-05-23 15:15:56 [32minfo[39m: [32mServer running on port 4001[39m
2024-05-23 15:16:15 [32minfo[39m: [32mMongoose connected![39m
2024-05-23 15:16:15 [32minfo[39m: [32mServer running on port 4001[39m
2024-05-23 15:16:38 [32minfo[39m: [32mMongoose connected![39m
2024-05-23 15:16:38 [32minfo[39m: [32mServer running on port 4001[39m
2024-05-23 15:16:52 [32minfo[39m: [32mMongoose connected![39m
2024-05-23 15:16:52 [32minfo[39m: [32mServer running on port 4001[39m
2024-05-23 15:17:47 [32minfo[39m: [32mMongoose connected![39m
2024-05-23 15:19:14 [32minfo[39m: [32mMongoose connected![39m
2024-05-23 15:19:59 [32minfo[39m: [32mMongoose connected![39m
2024-05-23 15:21:44 [32minfo[39m: [32mMongoose connected![39m
2024-05-23 15:21:44 [32minfo[39m: [32mServer running on port 4001[39m
2024-05-23 15:24:10 [32minfo[39m: [32mMongoose connected![39m
2024-05-23 15:24:10 [32minfo[39m: [32mServer running on port 4001[39m
2024-05-23 15:26:07 [32minfo[39m: [32mMongoose connected![39m
2024-05-23 15:27:01 [32minfo[39m: [32mMongoose connected![39m
2024-05-23 15:28:07 [32minfo[39m: [32mMongoose connected![39m
2024-05-23 15:28:42 [32minfo[39m: [32mMongoose connected![39m
2024-05-23 15:29:21 [32minfo[39m: [32mMongoose connected![39m
2024-05-23 15:31:14 [32minfo[39m: [32mMongoose connected![39m
2024-05-23 15:31:29 [32minfo[39m: [32mMongoose connected![39m
2024-05-23 15:31:46 [32minfo[39m: [32mMongoose connected![39m
2024-05-23 15:31:59 [32minfo[39m: [32mMongoose connected![39m
2024-05-23 15:32:27 [32minfo[39m: [32mMongoose connected![39m
2024-05-23 15:32:51 [32minfo[39m: [32mMongoose connected![39m
2024-05-23 15:33:58 [32minfo[39m: [32mMongoose connected![39m
2024-05-23 15:34:27 [32minfo[39m: [32mMongoose connected![39m
2024-05-23 15:34:59 [32minfo[39m: [32mMongoose connected![39m
2024-05-23 15:38:53 [32minfo[39m: [32mMongoose connected![39m
2024-05-23 15:38:53 [32minfo[39m: [32mServer running on port 4001[39m
2024-05-23 15:39:57 [32minfo[39m: [32mMongoose connected![39m
2024-05-23 15:49:04 [32minfo[39m: [32mMongoose connected![39m
2024-05-23 15:49:13 [32minfo[39m: [32mMongoose connected![39m
2024-05-23 15:49:29 [32minfo[39m: [32mMongoose connected![39m
2024-05-23 15:49:44 [32minfo[39m: [32mMongoose connected![39m
2024-05-23 15:49:54 [32minfo[39m: [32mMongoose connected![39m
2024-05-23 15:50:23 [32minfo[39m: [32mMongoose connected![39m
2024-05-23 15:51:41 [32minfo[39m: [32mMongoose connected![39m
2024-05-23 15:59:29 [32minfo[39m: [32mMongoose connected![39m
2024-05-23 16:03:38 [32minfo[39m: [32mMongoose connected![39m
2024-05-23 16:43:40 [32minfo[39m: [32mMongoose connected![39m
2024-05-23 16:43:40 [32minfo[39m: [32mServer running on port 4001[39m
2024-05-23 16:50:58 [32minfo[39m: [32mMongoose connected![39m
2024-05-23 16:50:58 [32minfo[39m: [32mServer running on port 4001[39m
2024-05-23 16:53:52 [31merror[39m: [31mEmail ivan@test.com already exists - . code: 400[39m
2024-05-23 16:54:29 [32minfo[39m: [32mMongoose connected![39m
2024-05-23 16:54:29 [32minfo[39m: [32mServer running on port 4001[39m
2024-05-23 16:55:30 [31merror[39m: [31mCast to ObjectId failed for value "search" (type string) at path "_id" for model "User" - . code: 400[39m
2024-05-23 16:55:56 [31merror[39m: [31mCast to ObjectId failed for value "search" (type string) at path "_id" for model "User" - . code: 400[39m
2024-05-23 16:56:05 [31merror[39m: [31mCast to ObjectId failed for value "search" (type string) at path "_id" for model "User" - . code: 400[39m
2024-05-23 16:56:48 [31merror[39m: [31mCast to ObjectId failed for value "search" (type string) at path "_id" for model "User" - . code: 400[39m
2024-05-23 16:57:51 [32minfo[39m: [32mMongoose connected![39m
2024-05-23 16:57:51 [32minfo[39m: [32mServer running on port 4001[39m
2024-05-23 16:57:55 [31merror[39m: [31mCast to ObjectId failed for value "search" (type string) at path "_id" for model "User" - . code: 400[39m
2024-05-23 16:58:58 [31merror[39m: [31mCast to ObjectId failed for value "search" (type string) at path "_id" for model "User" - . code: 400[39m
2024-05-23 17:00:00 [32minfo[39m: [32mMongoose connected![39m
2024-05-23 17:00:00 [32minfo[39m: [32mServer running on port 4001[39m
2024-05-23 17:00:04 [31merror[39m: [31mCast to ObjectId failed for value "search" (type string) at path "_id" for model "User" - . code: 400[39m
2024-05-23 17:00:50 [32minfo[39m: [32mMongoose connected![39m
2024-05-23 17:00:50 [32minfo[39m: [32mServer running on port 4001[39m
2024-05-23 17:01:24 [32minfo[39m: [32mMongoose connected![39m
2024-05-23 17:01:24 [32minfo[39m: [32mServer running on port 4001[39m
2024-05-23 17:02:27 [32minfo[39m: [32mMongoose connected![39m
2024-05-23 17:02:27 [32minfo[39m: [32mServer running on port 4001[39m
2024-05-23 17:02:48 [32minfo[39m: [32mMongoose connected![39m
2024-05-23 17:02:48 [32minfo[39m: [32mServer running on port 4001[39m
2024-05-23 17:05:21 [32minfo[39m: [32mMongoose connected![39m
2024-05-23 17:05:21 [32minfo[39m: [32mServer running on port 4001[39m
2024-05-23 17:06:43 [32minfo[39m: [32mMongoose connected![39m
2024-05-23 17:06:43 [32minfo[39m: [32mServer running on port 4001[39m
2024-05-23 17:06:55 [32minfo[39m: [32mMongoose connected![39m
2024-05-23 17:06:55 [32minfo[39m: [32mServer running on port 4001[39m
2024-05-23 17:07:14 [32minfo[39m: [32mMongoose connected![39m
2024-05-23 17:07:14 [32minfo[39m: [32mServer running on port 4001[39m
2024-05-23 17:29:28 [32minfo[39m: [32mMongoose connected![39m
2024-05-23 17:29:28 [32minfo[39m: [32mServer running on port 4001[39m
2024-05-23 17:31:08 [31merror[39m: [31mUnexpected token '}', ..."Number": [39m
[31m}" is not valid JSON - undefined. code: undefined[39m
2024-05-23 17:37:58 [32minfo[39m: [32mMongoose connected![39m
2024-05-23 17:37:58 [32minfo[39m: [32mServer running on port 4001[39m
2024-05-23 17:38:31 [32minfo[39m: [32mMongoose connected![39m
2024-05-23 17:38:31 [32minfo[39m: [32mServer running on port 4001[39m
2024-05-23 18:04:19 [32minfo[39m: [32mMongoose connected![39m
2024-05-23 18:04:19 [32minfo[39m: [32mServer running on port 4001[39m
2024-05-23 18:05:16 [31merror[39m: [31mEmail ana@test.com already exists - . code: 400[39m
2024-05-30 14:29:10 [32minfo[39m: [32mMongoose connected![39m
2024-05-30 14:29:10 [32minfo[39m: [32mServer running on port 4001[39m
2024-05-30 16:35:58 [32minfo[39m: [32mMongoose connected![39m
2024-05-30 16:35:58 [32minfo[39m: [32mServer running on port 4001[39m
2024-05-30 16:49:39 [32minfo[39m: [32mMongoose connected![39m
2024-05-30 16:49:39 [32minfo[39m: [32mServer running on port 4001[39m
2024-05-30 16:51:20 [31merror[39m: [31mExpected double-quoted property name in JSON at position 66 - undefined. code: undefined[39m
2024-05-30 16:51:25 [31merror[39m: [31mExpected double-quoted property name in JSON at position 66 - undefined. code: undefined[39m
2024-05-30 19:36:27 [32minfo[39m: [32mMongoose connected![39m
2024-05-30 19:36:27 [32minfo[39m: [32mServer running on port 4001[39m
2024-05-30 19:38:29 [32minfo[39m: [32mMongoose connected![39m
2024-05-30 19:38:29 [32minfo[39m: [32mServer running on port 4001[39m
2024-05-30 19:38:57 [32minfo[39m: [32mMongoose connected![39m
2024-05-30 19:38:57 [32minfo[39m: [32mServer running on port 4001[39m
2024-05-30 19:39:47 [32minfo[39m: [32mMongoose connected![39m
2024-05-30 19:39:47 [32minfo[39m: [32mServer running on port 4001[39m
2024-05-30 19:40:10 [32minfo[39m: [32mMongoose connected![39m
2024-05-30 19:40:10 [32minfo[39m: [32mServer running on port 4001[39m
2024-05-30 19:40:33 [32minfo[39m: [32mMongoose connected![39m
2024-05-30 19:40:33 [32minfo[39m: [32mServer running on port 4001[39m
2024-05-30 19:41:34 [32minfo[39m: [32mMongoose connected![39m
2024-05-30 19:41:34 [32minfo[39m: [32mServer running on port 4001[39m
2024-05-30 19:42:04 [32minfo[39m: [32mMongoose connected![39m
2024-05-30 19:42:04 [32minfo[39m: [32mServer running on port 4001[39m
2024-05-30 19:46:27 [32minfo[39m: [32mMongoose connected![39m
2024-05-30 19:46:27 [32minfo[39m: [32mServer running on port 4001[39m
2024-05-30 19:46:39 [31merror[39m: [31mCannot read properties of undefined (reading 'length') - . code: 400[39m
2024-05-30 19:47:10 [32minfo[39m: [32mMongoose connected![39m
2024-05-30 19:47:10 [32minfo[39m: [32mServer running on port 4001[39m
2024-05-30 19:48:41 [32minfo[39m: [32mMongoose connected![39m
2024-05-30 19:48:41 [32minfo[39m: [32mServer running on port 4001[39m
2024-05-30 19:49:37 [32minfo[39m: [32mMongoose connected![39m
2024-05-30 19:49:37 [32minfo[39m: [32mServer running on port 4001[39m
2024-05-30 19:50:54 [32minfo[39m: [32mMongoose connected![39m
2024-05-30 19:50:54 [32minfo[39m: [32mServer running on port 4001[39m
2024-05-30 19:51:26 [32minfo[39m: [32mMongoose connected![39m
2024-05-30 19:51:26 [32minfo[39m: [32mServer running on port 4001[39m
2024-05-30 19:53:29 [32minfo[39m: [32mMongoose connected![39m
2024-05-30 19:53:29 [32minfo[39m: [32mServer running on port 4001[39m
2024-05-30 19:53:42 [32minfo[39m: [32mMongoose connected![39m
2024-05-30 19:53:42 [32minfo[39m: [32mServer running on port 4001[39m
2024-05-30 20:53:35 [32minfo[39m: [32mMongoose connected![39m
2024-05-30 20:53:35 [32minfo[39m: [32mServer running on port 4001[39m
